{
  "uid" : "3550a159d654141b",
  "name" : "SignUp",
  "fullName" : "sdet.pixelogic.selenium.test.ChromeDriverTest.SignUp",
  "historyId" : "3c80c0e82f5b973ca5f97ab9b94dfdf6",
  "time" : {
    "start" : 1596560654402,
    "stop" : 1596560654407,
    "duration" : 5
  },
  "description" : "Sign Up Test Case",
  "descriptionHtml" : "<p>Sign Up Test Case</p>\n",
  "status" : "skipped",
  "statusMessage" : "Input must be set",
  "statusTrace" : "java.lang.IllegalArgumentException: Input must be set\r\n\tat org.openqa.selenium.internal.Require.nonNull(Require.java:51)\r\n\tat org.openqa.selenium.support.ui.FluentWait.<init>(FluentWait.java:100)\r\n\tat org.openqa.selenium.support.ui.WebDriverWait.<init>(WebDriverWait.java:128)\r\n\tat org.openqa.selenium.support.ui.WebDriverWait.<init>(WebDriverWait.java:61)\r\n\tat sdet.pixelogic.selenium.test.ChromeDriverTest.openURL(ChromeDriverTest.java:49)\r\n\tat sun.reflect.NativeMethodAccessorImpl.invoke0(Native Method)\r\n\tat sun.reflect.NativeMethodAccessorImpl.invoke(Unknown Source)\r\n\tat sun.reflect.DelegatingMethodAccessorImpl.invoke(Unknown Source)\r\n\tat java.lang.reflect.Method.invoke(Unknown Source)\r\n\tat org.testng.internal.MethodInvocationHelper.invokeMethod(MethodInvocationHelper.java:134)\r\n\tat org.testng.internal.MethodInvocationHelper.invokeMethodConsideringTimeout(MethodInvocationHelper.java:63)\r\n\tat org.testng.internal.ConfigInvoker.invokeConfigurationMethod(ConfigInvoker.java:348)\r\n\tat org.testng.internal.ConfigInvoker.invokeConfigurations(ConfigInvoker.java:302)\r\n\tat org.testng.TestRunner.invokeTestConfigurations(TestRunner.java:619)\r\n\tat org.testng.TestRunner.beforeRun(TestRunner.java:609)\r\n\tat org.testng.TestRunner.run(TestRunner.java:580)\r\n\tat org.testng.SuiteRunner.runTest(SuiteRunner.java:384)\r\n\tat org.testng.SuiteRunner.runSequentially(SuiteRunner.java:378)\r\n\tat org.testng.SuiteRunner.privateRun(SuiteRunner.java:337)\r\n\tat org.testng.SuiteRunner.run(SuiteRunner.java:286)\r\n\tat org.testng.SuiteRunnerWorker.runSuite(SuiteRunnerWorker.java:53)\r\n\tat org.testng.SuiteRunnerWorker.run(SuiteRunnerWorker.java:96)\r\n\tat org.testng.TestNG.runSuitesSequentially(TestNG.java:1187)\r\n\tat org.testng.TestNG.runSuitesLocally(TestNG.java:1109)\r\n\tat org.testng.TestNG.runSuites(TestNG.java:1039)\r\n\tat org.testng.TestNG.run(TestNG.java:1007)\r\n\tat org.testng.remote.AbstractRemoteTestNG.run(AbstractRemoteTestNG.java:115)\r\n\tat org.testng.remote.RemoteTestNG.initAndRun(RemoteTestNG.java:251)\r\n\tat org.testng.remote.RemoteTestNG.main(RemoteTestNG.java:77)\r\n",
  "flaky" : false,
  "newFailed" : false,
  "beforeStages" : [ {
    "name" : "openURL",
    "time" : {
      "start" : 1596560653984,
      "stop" : 1596560654020,
      "duration" : 36
    },
    "description" : "",
    "status" : "broken",
    "statusMessage" : "Input must be set",
    "statusTrace" : "java.lang.IllegalArgumentException: Input must be set\r\n\tat org.openqa.selenium.internal.Require.nonNull(Require.java:51)\r\n\tat org.openqa.selenium.support.ui.FluentWait.<init>(FluentWait.java:100)\r\n\tat org.openqa.selenium.support.ui.WebDriverWait.<init>(WebDriverWait.java:128)\r\n\tat org.openqa.selenium.support.ui.WebDriverWait.<init>(WebDriverWait.java:61)\r\n\tat sdet.pixelogic.selenium.test.ChromeDriverTest.openURL(ChromeDriverTest.java:49)\r\n\tat sun.reflect.NativeMethodAccessorImpl.invoke0(Native Method)\r\n\tat sun.reflect.NativeMethodAccessorImpl.invoke(Unknown Source)\r\n\tat sun.reflect.DelegatingMethodAccessorImpl.invoke(Unknown Source)\r\n\tat java.lang.reflect.Method.invoke(Unknown Source)\r\n\tat org.testng.internal.MethodInvocationHelper.invokeMethod(MethodInvocationHelper.java:134)\r\n\tat org.testng.internal.MethodInvocationHelper.invokeMethodConsideringTimeout(MethodInvocationHelper.java:63)\r\n\tat org.testng.internal.ConfigInvoker.invokeConfigurationMethod(ConfigInvoker.java:348)\r\n\tat org.testng.internal.ConfigInvoker.invokeConfigurations(ConfigInvoker.java:302)\r\n\tat org.testng.TestRunner.invokeTestConfigurations(TestRunner.java:619)\r\n\tat org.testng.TestRunner.beforeRun(TestRunner.java:609)\r\n\tat org.testng.TestRunner.run(TestRunner.java:580)\r\n\tat org.testng.SuiteRunner.runTest(SuiteRunner.java:384)\r\n\tat org.testng.SuiteRunner.runSequentially(SuiteRunner.java:378)\r\n\tat org.testng.SuiteRunner.privateRun(SuiteRunner.java:337)\r\n\tat org.testng.SuiteRunner.run(SuiteRunner.java:286)\r\n\tat org.testng.SuiteRunnerWorker.runSuite(SuiteRunnerWorker.java:53)\r\n\tat org.testng.SuiteRunnerWorker.run(SuiteRunnerWorker.java:96)\r\n\tat org.testng.TestNG.runSuitesSequentially(TestNG.java:1187)\r\n\tat org.testng.TestNG.runSuitesLocally(TestNG.java:1109)\r\n\tat org.testng.TestNG.runSuites(TestNG.java:1039)\r\n\tat org.testng.TestNG.run(TestNG.java:1007)\r\n\tat org.testng.remote.AbstractRemoteTestNG.run(AbstractRemoteTestNG.java:115)\r\n\tat org.testng.remote.RemoteTestNG.initAndRun(RemoteTestNG.java:251)\r\n\tat org.testng.remote.RemoteTestNG.main(RemoteTestNG.java:77)\r\n",
    "steps" : [ ],
    "attachments" : [ ],
    "parameters" : [ ],
    "shouldDisplayMessage" : true,
    "attachmentsCount" : 0,
    "stepsCount" : 0,
    "hasContent" : true
  } ],
  "afterStages" : [ {
    "name" : "SignUpFailScreenshot",
    "time" : {
      "start" : 1596560654417,
      "stop" : 1596560654417,
      "duration" : 0
    },
    "description" : "",
    "status" : "broken",
    "steps" : [ ],
    "attachments" : [ ],
    "parameters" : [ ],
    "shouldDisplayMessage" : false,
    "attachmentsCount" : 0,
    "stepsCount" : 0,
    "hasContent" : false
  }, {
    "name" : "closeDriver",
    "time" : {
      "start" : 1596560654502,
      "stop" : 1596560654502,
      "duration" : 0
    },
    "description" : "",
    "status" : "broken",
    "steps" : [ ],
    "attachments" : [ ],
    "parameters" : [ ],
    "shouldDisplayMessage" : false,
    "attachmentsCount" : 0,
    "stepsCount" : 0,
    "hasContent" : false
  } ],
  "labels" : [ {
    "name" : "package",
    "value" : "sdet.pixelogic.selenium.test.ChromeDriverTest"
  }, {
    "name" : "testClass",
    "value" : "sdet.pixelogic.selenium.test.ChromeDriverTest"
  }, {
    "name" : "testMethod",
    "value" : "SignUp"
  }, {
    "name" : "parentSuite",
    "value" : "Default suite"
  }, {
    "name" : "suite",
    "value" : "Default test"
  }, {
    "name" : "subSuite",
    "value" : "sdet.pixelogic.selenium.test.ChromeDriverTest"
  }, {
    "name" : "host",
    "value" : "EQ-EQ6284170"
  }, {
    "name" : "thread",
    "value" : "4652@EQ-EQ6284170.main(1)"
  }, {
    "name" : "framework",
    "value" : "testng"
  }, {
    "name" : "language",
    "value" : "java"
  }, {
    "name" : "severity",
    "value" : "critical"
  }, {
    "name" : "resultFormat",
    "value" : "allure2"
  } ],
  "parameters" : [ ],
  "links" : [ ],
  "hidden" : true,
  "retry" : true,
  "extra" : {
    "categories" : [ ],
    "tags" : [ ]
  },
  "source" : "3550a159d654141b.json",
  "parameterValues" : [ ]
}